2020-12-07 15:34:15.292 [restartedMain] INFO  com.medcine.MedcineManageApplication - Starting MedcineManageApplication on DESKTOP-BAM4AJO with PID 14916 (E:\gv_project\medcine_zzj\medcine_web\target\classes started by wkq in E:\gv_project\medcine_zzj)
2020-12-07 15:34:15.297 [restartedMain] INFO  com.medcine.MedcineManageApplication - The following profiles are active: mybatis-plus,test
2020-12-07 15:34:18.168 [restartedMain] INFO  o.s.c.s.PostProcessorRegistrationDelegate$BeanPostProcessorChecker - Bean 'spring.datasource.dynamic-com.baomidou.dynamic.datasource.spring.boot.autoconfigure.DynamicDataSourceProperties' of type [com.baomidou.dynamic.datasource.spring.boot.autoconfigure.DynamicDataSourceProperties] is not eligible for getting processed by all BeanPostProcessors (for example: not eligible for auto-proxying)
2020-12-07 15:34:18.176 [restartedMain] INFO  o.s.c.s.PostProcessorRegistrationDelegate$BeanPostProcessorChecker - Bean 'com.baomidou.dynamic.datasource.spring.boot.autoconfigure.DynamicDataSourceAutoConfiguration' of type [com.baomidou.dynamic.datasource.spring.boot.autoconfigure.DynamicDataSourceAutoConfiguration$$EnhancerBySpringCGLIB$$7bc908c] is not eligible for getting processed by all BeanPostProcessors (for example: not eligible for auto-proxying)
2020-12-07 15:34:18.185 [restartedMain] INFO  o.s.c.s.PostProcessorRegistrationDelegate$BeanPostProcessorChecker - Bean 'dsProcessor' of type [com.baomidou.dynamic.datasource.processor.DsHeaderProcessor] is not eligible for getting processed by all BeanPostProcessors (for example: not eligible for auto-proxying)
2020-12-07 15:34:18.201 [restartedMain] INFO  o.s.c.s.PostProcessorRegistrationDelegate$BeanPostProcessorChecker - Bean 'org.springframework.transaction.annotation.ProxyTransactionManagementConfiguration' of type [org.springframework.transaction.annotation.ProxyTransactionManagementConfiguration$$EnhancerBySpringCGLIB$$9e2e1fbb] is not eligible for getting processed by all BeanPostProcessors (for example: not eligible for auto-proxying)
2020-12-07 15:34:18.795 [restartedMain] INFO  o.s.boot.web.embedded.tomcat.TomcatWebServer - Tomcat initialized with port(s): 4188 (http)
2020-12-07 15:34:18.811 [restartedMain] INFO  org.apache.coyote.http11.Http11NioProtocol - Initializing ProtocolHandler ["http-nio-4188"]
2020-12-07 15:34:18.820 [restartedMain] INFO  org.apache.catalina.core.StandardService - Starting service [Tomcat]
2020-12-07 15:34:18.821 [restartedMain] INFO  org.apache.catalina.core.StandardEngine - Starting Servlet engine: [Apache Tomcat/9.0.26]
2020-12-07 15:34:18.947 [restartedMain] INFO  o.a.c.c.ContainerBase.[Tomcat].[localhost].[/zzj] - Initializing Spring embedded WebApplicationContext
2020-12-07 15:34:18.948 [restartedMain] INFO  org.springframework.web.context.ContextLoader - Root WebApplicationContext: initialization completed in 3440 ms
2020-12-07 15:34:19.109 [restartedMain] INFO  com.zaxxer.hikari.HikariDataSource - master - Starting...
2020-12-07 15:34:20.099 [restartedMain] INFO  com.zaxxer.hikari.pool.PoolBase - master - Driver does not support get/set network timeout for connections. (This operation is not supported.)
2020-12-07 15:34:20.192 [restartedMain] INFO  com.zaxxer.hikari.HikariDataSource - master - Start completed.
2020-12-07 15:34:20.193 [restartedMain] INFO  com.zaxxer.hikari.HikariDataSource - slave_1 - Starting...
2020-12-07 15:34:20.252 [restartedMain] INFO  com.zaxxer.hikari.pool.PoolBase - slave_1 - Driver does not support get/set network timeout for connections. (This operation is not supported.)
2020-12-07 15:34:20.258 [restartedMain] INFO  com.zaxxer.hikari.HikariDataSource - slave_1 - Start completed.
2020-12-07 15:34:20.258 [restartedMain] INFO  c.b.dynamic.datasource.DynamicRoutingDataSource - dynamic-datasource - load a datasource named [master] success
2020-12-07 15:34:20.259 [restartedMain] INFO  c.b.dynamic.datasource.DynamicRoutingDataSource - dynamic-datasource - load a datasource named [slave_1] success
2020-12-07 15:34:20.259 [restartedMain] INFO  c.b.dynamic.datasource.DynamicRoutingDataSource - dynamic-datasource initial loaded [2] datasource,primary datasource named [master]
2020-12-07 15:34:20.577 [restartedMain] WARN  c.b.mybatisplus.core.toolkit.TableInfoHelper - Warn: Could not find @TableId in Class: com.medcine.base.entity.code.Bmzd.
2020-12-07 15:34:21.442 [restartedMain] INFO  com.medcine.config.AsyncExecutorConfig - start asyncServiceExecutor
2020-12-07 15:34:21.443 [restartedMain] INFO  o.s.scheduling.concurrent.ThreadPoolTaskExecutor - Initializing ExecutorService
2020-12-07 15:34:21.444 [restartedMain] INFO  o.s.scheduling.concurrent.ThreadPoolTaskExecutor - Initializing ExecutorService 'asyncServiceExecutor'
2020-12-07 15:34:21.464 [restartedMain] INFO  s.d.s.w.PropertySourcedRequestMappingHandlerMapping - Mapped URL path [/v2/api-docs] onto method [public org.springframework.http.ResponseEntity<springfox.documentation.spring.web.json.Json> springfox.documentation.swagger2.web.Swagger2Controller.getDocumentation(java.lang.String,javax.servlet.http.HttpServletRequest)]
2020-12-07 15:34:21.945 [restartedMain] INFO  o.s.b.d.autoconfigure.OptionalLiveReloadServer - LiveReload server is running on port 35729
2020-12-07 15:34:21.974 [restartedMain] INFO  s.d.s.web.plugins.DocumentationPluginsBootstrapper - Context refreshed
2020-12-07 15:34:21.992 [restartedMain] INFO  s.d.s.web.plugins.DocumentationPluginsBootstrapper - Found 1 custom documentation plugin(s)
2020-12-07 15:34:22.030 [restartedMain] INFO  s.d.spring.web.scanners.ApiListingReferenceScanner - Scanning for api listing references
2020-12-07 15:34:22.236 [restartedMain] INFO  s.d.s.w.r.operation.CachingOperationNameGenerator - Generating unique operation named: addOrgUsingPOST_1
2020-12-07 15:34:22.239 [restartedMain] INFO  s.d.s.w.r.operation.CachingOperationNameGenerator - Generating unique operation named: deleteUsingDELETE_1
2020-12-07 15:34:22.245 [restartedMain] INFO  s.d.s.w.r.operation.CachingOperationNameGenerator - Generating unique operation named: getUsingGET_1
2020-12-07 15:34:22.250 [restartedMain] INFO  s.d.s.w.r.operation.CachingOperationNameGenerator - Generating unique operation named: pageByQueryUsingGET_1
2020-12-07 15:34:22.284 [restartedMain] INFO  s.d.s.w.r.operation.CachingOperationNameGenerator - Generating unique operation named: addUsingPOST_1
2020-12-07 15:34:22.286 [restartedMain] INFO  s.d.s.w.r.operation.CachingOperationNameGenerator - Generating unique operation named: deleteUsingDELETE_2
2020-12-07 15:34:22.294 [restartedMain] INFO  s.d.s.w.r.operation.CachingOperationNameGenerator - Generating unique operation named: getUsingGET_2
2020-12-07 15:34:22.300 [restartedMain] INFO  s.d.s.w.r.operation.CachingOperationNameGenerator - Generating unique operation named: getDoctorListUsingGET_1
2020-12-07 15:34:22.312 [restartedMain] INFO  s.d.s.w.r.operation.CachingOperationNameGenerator - Generating unique operation named: pageByQueryUsingGET_2
2020-12-07 15:34:22.315 [restartedMain] INFO  s.d.s.w.r.operation.CachingOperationNameGenerator - Generating unique operation named: updateUsingPUT_1
2020-12-07 15:34:22.322 [restartedMain] INFO  s.d.s.w.r.operation.CachingOperationNameGenerator - Generating unique operation named: uploadUsingPOST_1
2020-12-07 15:34:22.347 [restartedMain] INFO  s.d.s.w.r.operation.CachingOperationNameGenerator - Generating unique operation named: addUsingPOST_2
2020-12-07 15:34:22.349 [restartedMain] INFO  s.d.s.w.r.operation.CachingOperationNameGenerator - Generating unique operation named: deleteUsingDELETE_3
2020-12-07 15:34:22.354 [restartedMain] INFO  s.d.s.w.r.operation.CachingOperationNameGenerator - Generating unique operation named: getUsingGET_3
2020-12-07 15:34:22.360 [restartedMain] INFO  s.d.s.w.r.operation.CachingOperationNameGenerator - Generating unique operation named: pageByQueryUsingGET_3
2020-12-07 15:34:22.363 [restartedMain] INFO  s.d.s.w.r.operation.CachingOperationNameGenerator - Generating unique operation named: updateUsingPUT_2
2020-12-07 15:34:22.389 [restartedMain] INFO  org.apache.coyote.http11.Http11NioProtocol - Starting ProtocolHandler ["http-nio-4188"]
2020-12-07 15:34:22.417 [restartedMain] INFO  o.s.boot.web.embedded.tomcat.TomcatWebServer - Tomcat started on port(s): 4188 (http) with context path '/zzj'
2020-12-07 15:34:22.421 [restartedMain] INFO  com.medcine.MedcineManageApplication - Started MedcineManageApplication in 8.074 seconds (JVM running for 10.295)
2020-12-07 15:34:49.613 [Thread-24] INFO  o.s.scheduling.concurrent.ThreadPoolTaskExecutor - Shutting down ExecutorService 'asyncServiceExecutor'
2020-12-07 15:34:49.616 [Thread-24] INFO  c.b.dynamic.datasource.DynamicRoutingDataSource - dynamic-datasource start closing ....
2020-12-07 15:34:49.617 [Thread-24] INFO  com.zaxxer.hikari.HikariDataSource - master - Shutdown initiated...
2020-12-07 15:34:49.619 [Thread-24] INFO  com.zaxxer.hikari.HikariDataSource - master - Shutdown completed.
2020-12-07 15:34:49.619 [Thread-24] INFO  com.zaxxer.hikari.HikariDataSource - slave_1 - Shutdown initiated...
2020-12-07 15:34:49.620 [Thread-24] INFO  com.zaxxer.hikari.HikariDataSource - slave_1 - Shutdown completed.
2020-12-07 15:34:49.621 [Thread-24] INFO  c.b.dynamic.datasource.DynamicRoutingDataSource - dynamic-datasource all closed success,bye
2020-12-07 16:22:56.904 [restartedMain] INFO  com.medcine.MedcineManageApplication - Starting MedcineManageApplication on DESKTOP-BAM4AJO with PID 19852 (E:\gv_project\medcine_zzj\medcine_web\target\classes started by wkq in E:\gv_project\medcine_zzj)
2020-12-07 16:22:56.909 [restartedMain] INFO  com.medcine.MedcineManageApplication - The following profiles are active: mybatis-plus,test
2020-12-07 16:22:59.116 [restartedMain] INFO  o.s.c.s.PostProcessorRegistrationDelegate$BeanPostProcessorChecker - Bean 'spring.datasource.dynamic-com.baomidou.dynamic.datasource.spring.boot.autoconfigure.DynamicDataSourceProperties' of type [com.baomidou.dynamic.datasource.spring.boot.autoconfigure.DynamicDataSourceProperties] is not eligible for getting processed by all BeanPostProcessors (for example: not eligible for auto-proxying)
2020-12-07 16:22:59.119 [restartedMain] INFO  o.s.c.s.PostProcessorRegistrationDelegate$BeanPostProcessorChecker - Bean 'com.baomidou.dynamic.datasource.spring.boot.autoconfigure.DynamicDataSourceAutoConfiguration' of type [com.baomidou.dynamic.datasource.spring.boot.autoconfigure.DynamicDataSourceAutoConfiguration$$EnhancerBySpringCGLIB$$b4e76527] is not eligible for getting processed by all BeanPostProcessors (for example: not eligible for auto-proxying)
2020-12-07 16:22:59.130 [restartedMain] INFO  o.s.c.s.PostProcessorRegistrationDelegate$BeanPostProcessorChecker - Bean 'dsProcessor' of type [com.baomidou.dynamic.datasource.processor.DsHeaderProcessor] is not eligible for getting processed by all BeanPostProcessors (for example: not eligible for auto-proxying)
2020-12-07 16:22:59.143 [restartedMain] INFO  o.s.c.s.PostProcessorRegistrationDelegate$BeanPostProcessorChecker - Bean 'org.springframework.transaction.annotation.ProxyTransactionManagementConfiguration' of type [org.springframework.transaction.annotation.ProxyTransactionManagementConfiguration$$EnhancerBySpringCGLIB$$4b58f456] is not eligible for getting processed by all BeanPostProcessors (for example: not eligible for auto-proxying)
2020-12-07 16:22:59.720 [restartedMain] INFO  o.s.boot.web.embedded.tomcat.TomcatWebServer - Tomcat initialized with port(s): 4188 (http)
2020-12-07 16:22:59.738 [restartedMain] INFO  org.apache.coyote.http11.Http11NioProtocol - Initializing ProtocolHandler ["http-nio-4188"]
2020-12-07 16:22:59.748 [restartedMain] INFO  org.apache.catalina.core.StandardService - Starting service [Tomcat]
2020-12-07 16:22:59.748 [restartedMain] INFO  org.apache.catalina.core.StandardEngine - Starting Servlet engine: [Apache Tomcat/9.0.26]
2020-12-07 16:22:59.919 [restartedMain] INFO  o.a.c.c.ContainerBase.[Tomcat].[localhost].[/zzj] - Initializing Spring embedded WebApplicationContext
2020-12-07 16:22:59.919 [restartedMain] INFO  org.springframework.web.context.ContextLoader - Root WebApplicationContext: initialization completed in 2852 ms
2020-12-07 16:23:00.204 [restartedMain] INFO  com.zaxxer.hikari.HikariDataSource - master - Starting...
2020-12-07 16:23:01.062 [restartedMain] INFO  com.zaxxer.hikari.pool.PoolBase - master - Driver does not support get/set network timeout for connections. (This operation is not supported.)
2020-12-07 16:23:01.140 [restartedMain] INFO  com.zaxxer.hikari.HikariDataSource - master - Start completed.
2020-12-07 16:23:01.141 [restartedMain] INFO  com.zaxxer.hikari.HikariDataSource - slave_1 - Starting...
2020-12-07 16:23:01.222 [restartedMain] INFO  com.zaxxer.hikari.pool.PoolBase - slave_1 - Driver does not support get/set network timeout for connections. (This operation is not supported.)
2020-12-07 16:23:01.230 [restartedMain] INFO  com.zaxxer.hikari.HikariDataSource - slave_1 - Start completed.
2020-12-07 16:23:01.231 [restartedMain] INFO  c.b.dynamic.datasource.DynamicRoutingDataSource - dynamic-datasource - load a datasource named [master] success
2020-12-07 16:23:01.232 [restartedMain] INFO  c.b.dynamic.datasource.DynamicRoutingDataSource - dynamic-datasource - load a datasource named [slave_1] success
2020-12-07 16:23:01.232 [restartedMain] INFO  c.b.dynamic.datasource.DynamicRoutingDataSource - dynamic-datasource initial loaded [2] datasource,primary datasource named [master]
2020-12-07 16:23:01.509 [restartedMain] WARN  c.b.mybatisplus.core.toolkit.TableInfoHelper - Warn: Could not find @TableId in Class: com.medcine.base.entity.code.Bmzd.
2020-12-07 16:23:02.289 [restartedMain] INFO  com.medcine.config.AsyncExecutorConfig - start asyncServiceExecutor
2020-12-07 16:23:02.290 [restartedMain] INFO  o.s.scheduling.concurrent.ThreadPoolTaskExecutor - Initializing ExecutorService
2020-12-07 16:23:02.291 [restartedMain] INFO  o.s.scheduling.concurrent.ThreadPoolTaskExecutor - Initializing ExecutorService 'asyncServiceExecutor'
2020-12-07 16:23:02.313 [restartedMain] INFO  s.d.s.w.PropertySourcedRequestMappingHandlerMapping - Mapped URL path [/v2/api-docs] onto method [public org.springframework.http.ResponseEntity<springfox.documentation.spring.web.json.Json> springfox.documentation.swagger2.web.Swagger2Controller.getDocumentation(java.lang.String,javax.servlet.http.HttpServletRequest)]
2020-12-07 16:23:02.804 [restartedMain] INFO  o.s.b.d.autoconfigure.OptionalLiveReloadServer - LiveReload server is running on port 35729
2020-12-07 16:23:02.834 [restartedMain] INFO  s.d.s.web.plugins.DocumentationPluginsBootstrapper - Context refreshed
2020-12-07 16:23:02.869 [restartedMain] INFO  s.d.s.web.plugins.DocumentationPluginsBootstrapper - Found 1 custom documentation plugin(s)
2020-12-07 16:23:02.903 [restartedMain] INFO  s.d.spring.web.scanners.ApiListingReferenceScanner - Scanning for api listing references
2020-12-07 16:23:03.101 [restartedMain] INFO  s.d.s.w.r.operation.CachingOperationNameGenerator - Generating unique operation named: addOrgUsingPOST_1
2020-12-07 16:23:03.103 [restartedMain] INFO  s.d.s.w.r.operation.CachingOperationNameGenerator - Generating unique operation named: deleteUsingDELETE_1
2020-12-07 16:23:03.108 [restartedMain] INFO  s.d.s.w.r.operation.CachingOperationNameGenerator - Generating unique operation named: getUsingGET_1
2020-12-07 16:23:03.112 [restartedMain] INFO  s.d.s.w.r.operation.CachingOperationNameGenerator - Generating unique operation named: pageByQueryUsingGET_1
2020-12-07 16:23:03.141 [restartedMain] INFO  s.d.s.w.r.operation.CachingOperationNameGenerator - Generating unique operation named: addUsingPOST_1
2020-12-07 16:23:03.144 [restartedMain] INFO  s.d.s.w.r.operation.CachingOperationNameGenerator - Generating unique operation named: deleteUsingDELETE_2
2020-12-07 16:23:03.152 [restartedMain] INFO  s.d.s.w.r.operation.CachingOperationNameGenerator - Generating unique operation named: getUsingGET_2
2020-12-07 16:23:03.157 [restartedMain] INFO  s.d.s.w.r.operation.CachingOperationNameGenerator - Generating unique operation named: getDoctorListUsingGET_1
2020-12-07 16:23:03.169 [restartedMain] INFO  s.d.s.w.r.operation.CachingOperationNameGenerator - Generating unique operation named: pageByQueryUsingGET_2
2020-12-07 16:23:03.172 [restartedMain] INFO  s.d.s.w.r.operation.CachingOperationNameGenerator - Generating unique operation named: updateUsingPUT_1
2020-12-07 16:23:03.178 [restartedMain] INFO  s.d.s.w.r.operation.CachingOperationNameGenerator - Generating unique operation named: uploadUsingPOST_1
2020-12-07 16:23:03.200 [restartedMain] INFO  s.d.s.w.r.operation.CachingOperationNameGenerator - Generating unique operation named: addUsingPOST_2
2020-12-07 16:23:03.202 [restartedMain] INFO  s.d.s.w.r.operation.CachingOperationNameGenerator - Generating unique operation named: deleteUsingDELETE_3
2020-12-07 16:23:03.207 [restartedMain] INFO  s.d.s.w.r.operation.CachingOperationNameGenerator - Generating unique operation named: getUsingGET_3
2020-12-07 16:23:03.212 [restartedMain] INFO  s.d.s.w.r.operation.CachingOperationNameGenerator - Generating unique operation named: pageByQueryUsingGET_3
2020-12-07 16:23:03.214 [restartedMain] INFO  s.d.s.w.r.operation.CachingOperationNameGenerator - Generating unique operation named: updateUsingPUT_2
2020-12-07 16:23:03.241 [restartedMain] INFO  org.apache.coyote.http11.Http11NioProtocol - Starting ProtocolHandler ["http-nio-4188"]
2020-12-07 16:23:03.271 [restartedMain] INFO  o.s.boot.web.embedded.tomcat.TomcatWebServer - Tomcat started on port(s): 4188 (http) with context path '/zzj'
2020-12-07 16:23:03.274 [restartedMain] INFO  com.medcine.MedcineManageApplication - Started MedcineManageApplication in 7.257 seconds (JVM running for 9.258)
2020-12-07 16:23:05.507 [Thread-25] INFO  o.s.scheduling.concurrent.ThreadPoolTaskExecutor - Shutting down ExecutorService 'asyncServiceExecutor'
2020-12-07 16:23:05.510 [Thread-25] INFO  c.b.dynamic.datasource.DynamicRoutingDataSource - dynamic-datasource start closing ....
2020-12-07 16:23:05.510 [Thread-25] INFO  com.zaxxer.hikari.HikariDataSource - master - Shutdown initiated...
2020-12-07 16:23:05.514 [Thread-25] INFO  com.zaxxer.hikari.HikariDataSource - master - Shutdown completed.
2020-12-07 16:23:05.514 [Thread-25] INFO  com.zaxxer.hikari.HikariDataSource - slave_1 - Shutdown initiated...
2020-12-07 16:23:05.516 [Thread-25] INFO  com.zaxxer.hikari.HikariDataSource - slave_1 - Shutdown completed.
2020-12-07 16:23:05.516 [Thread-25] INFO  c.b.dynamic.datasource.DynamicRoutingDataSource - dynamic-datasource all closed success,bye
2020-12-07 16:32:45.271 [restartedMain] INFO  com.medcine.MedcineManageApplication - Starting MedcineManageApplication on DESKTOP-BAM4AJO with PID 17964 (E:\gv_project\medcine_zzj\medcine_web\target\classes started by wkq in E:\gv_project\medcine_zzj)
2020-12-07 16:32:45.273 [restartedMain] INFO  com.medcine.MedcineManageApplication - The following profiles are active: mybatis-plus,test
2020-12-07 16:32:46.942 [restartedMain] INFO  o.s.c.s.PostProcessorRegistrationDelegate$BeanPostProcessorChecker - Bean 'spring.datasource.dynamic-com.baomidou.dynamic.datasource.spring.boot.autoconfigure.DynamicDataSourceProperties' of type [com.baomidou.dynamic.datasource.spring.boot.autoconfigure.DynamicDataSourceProperties] is not eligible for getting processed by all BeanPostProcessors (for example: not eligible for auto-proxying)
2020-12-07 16:32:46.945 [restartedMain] INFO  o.s.c.s.PostProcessorRegistrationDelegate$BeanPostProcessorChecker - Bean 'com.baomidou.dynamic.datasource.spring.boot.autoconfigure.DynamicDataSourceAutoConfiguration' of type [com.baomidou.dynamic.datasource.spring.boot.autoconfigure.DynamicDataSourceAutoConfiguration$$EnhancerBySpringCGLIB$$4313200c] is not eligible for getting processed by all BeanPostProcessors (for example: not eligible for auto-proxying)
2020-12-07 16:32:46.957 [restartedMain] INFO  o.s.c.s.PostProcessorRegistrationDelegate$BeanPostProcessorChecker - Bean 'dsProcessor' of type [com.baomidou.dynamic.datasource.processor.DsHeaderProcessor] is not eligible for getting processed by all BeanPostProcessors (for example: not eligible for auto-proxying)
2020-12-07 16:32:46.973 [restartedMain] INFO  o.s.c.s.PostProcessorRegistrationDelegate$BeanPostProcessorChecker - Bean 'org.springframework.transaction.annotation.ProxyTransactionManagementConfiguration' of type [org.springframework.transaction.annotation.ProxyTransactionManagementConfiguration$$EnhancerBySpringCGLIB$$d984af3b] is not eligible for getting processed by all BeanPostProcessors (for example: not eligible for auto-proxying)
2020-12-07 16:32:47.539 [restartedMain] INFO  o.s.boot.web.embedded.tomcat.TomcatWebServer - Tomcat initialized with port(s): 4188 (http)
2020-12-07 16:32:47.559 [restartedMain] INFO  org.apache.coyote.http11.Http11NioProtocol - Initializing ProtocolHandler ["http-nio-4188"]
2020-12-07 16:32:47.571 [restartedMain] INFO  org.apache.catalina.core.StandardService - Starting service [Tomcat]
2020-12-07 16:32:47.571 [restartedMain] INFO  org.apache.catalina.core.StandardEngine - Starting Servlet engine: [Apache Tomcat/9.0.26]
2020-12-07 16:32:47.723 [restartedMain] INFO  o.a.c.c.ContainerBase.[Tomcat].[localhost].[/zzj] - Initializing Spring embedded WebApplicationContext
2020-12-07 16:32:47.724 [restartedMain] INFO  org.springframework.web.context.ContextLoader - Root WebApplicationContext: initialization completed in 2357 ms
2020-12-07 16:32:47.969 [restartedMain] INFO  com.zaxxer.hikari.HikariDataSource - master - Starting...
2020-12-07 16:32:48.797 [restartedMain] INFO  com.zaxxer.hikari.pool.PoolBase - master - Driver does not support get/set network timeout for connections. (This operation is not supported.)
2020-12-07 16:32:48.885 [restartedMain] INFO  com.zaxxer.hikari.HikariDataSource - master - Start completed.
2020-12-07 16:32:48.886 [restartedMain] INFO  com.zaxxer.hikari.HikariDataSource - slave_1 - Starting...
2020-12-07 16:32:48.952 [restartedMain] INFO  com.zaxxer.hikari.pool.PoolBase - slave_1 - Driver does not support get/set network timeout for connections. (This operation is not supported.)
2020-12-07 16:32:48.961 [restartedMain] INFO  com.zaxxer.hikari.HikariDataSource - slave_1 - Start completed.
2020-12-07 16:32:48.962 [restartedMain] INFO  c.b.dynamic.datasource.DynamicRoutingDataSource - dynamic-datasource - load a datasource named [master] success
2020-12-07 16:32:48.963 [restartedMain] INFO  c.b.dynamic.datasource.DynamicRoutingDataSource - dynamic-datasource - load a datasource named [slave_1] success
2020-12-07 16:32:48.963 [restartedMain] INFO  c.b.dynamic.datasource.DynamicRoutingDataSource - dynamic-datasource initial loaded [2] datasource,primary datasource named [master]
2020-12-07 16:32:49.205 [restartedMain] WARN  c.b.mybatisplus.core.toolkit.TableInfoHelper - Warn: Could not find @TableId in Class: com.medcine.base.entity.code.Bmzd.
2020-12-07 16:32:49.993 [restartedMain] INFO  com.medcine.config.AsyncExecutorConfig - start asyncServiceExecutor
2020-12-07 16:32:49.994 [restartedMain] INFO  o.s.scheduling.concurrent.ThreadPoolTaskExecutor - Initializing ExecutorService
2020-12-07 16:32:49.996 [restartedMain] INFO  o.s.scheduling.concurrent.ThreadPoolTaskExecutor - Initializing ExecutorService 'asyncServiceExecutor'
2020-12-07 16:32:50.017 [restartedMain] INFO  s.d.s.w.PropertySourcedRequestMappingHandlerMapping - Mapped URL path [/v2/api-docs] onto method [public org.springframework.http.ResponseEntity<springfox.documentation.spring.web.json.Json> springfox.documentation.swagger2.web.Swagger2Controller.getDocumentation(java.lang.String,javax.servlet.http.HttpServletRequest)]
2020-12-07 16:32:50.470 [restartedMain] INFO  o.s.b.d.autoconfigure.OptionalLiveReloadServer - LiveReload server is running on port 35729
2020-12-07 16:32:50.499 [restartedMain] INFO  s.d.s.web.plugins.DocumentationPluginsBootstrapper - Context refreshed
2020-12-07 16:32:50.516 [restartedMain] INFO  s.d.s.web.plugins.DocumentationPluginsBootstrapper - Found 1 custom documentation plugin(s)
2020-12-07 16:32:50.563 [restartedMain] INFO  s.d.spring.web.scanners.ApiListingReferenceScanner - Scanning for api listing references
2020-12-07 16:32:50.796 [restartedMain] INFO  s.d.s.w.r.operation.CachingOperationNameGenerator - Generating unique operation named: addOrgUsingPOST_1
2020-12-07 16:32:50.799 [restartedMain] INFO  s.d.s.w.r.operation.CachingOperationNameGenerator - Generating unique operation named: deleteUsingDELETE_1
2020-12-07 16:32:50.804 [restartedMain] INFO  s.d.s.w.r.operation.CachingOperationNameGenerator - Generating unique operation named: getUsingGET_1
2020-12-07 16:32:50.809 [restartedMain] INFO  s.d.s.w.r.operation.CachingOperationNameGenerator - Generating unique operation named: pageByQueryUsingGET_1
2020-12-07 16:32:50.839 [restartedMain] INFO  s.d.s.w.r.operation.CachingOperationNameGenerator - Generating unique operation named: addUsingPOST_1
2020-12-07 16:32:50.842 [restartedMain] INFO  s.d.s.w.r.operation.CachingOperationNameGenerator - Generating unique operation named: deleteUsingDELETE_2
2020-12-07 16:32:50.851 [restartedMain] INFO  s.d.s.w.r.operation.CachingOperationNameGenerator - Generating unique operation named: getUsingGET_2
2020-12-07 16:32:50.856 [restartedMain] INFO  s.d.s.w.r.operation.CachingOperationNameGenerator - Generating unique operation named: getDoctorListUsingGET_1
2020-12-07 16:32:50.869 [restartedMain] INFO  s.d.s.w.r.operation.CachingOperationNameGenerator - Generating unique operation named: pageByQueryUsingGET_2
2020-12-07 16:32:50.872 [restartedMain] INFO  s.d.s.w.r.operation.CachingOperationNameGenerator - Generating unique operation named: updateUsingPUT_1
2020-12-07 16:32:50.879 [restartedMain] INFO  s.d.s.w.r.operation.CachingOperationNameGenerator - Generating unique operation named: uploadUsingPOST_1
2020-12-07 16:32:50.901 [restartedMain] INFO  s.d.s.w.r.operation.CachingOperationNameGenerator - Generating unique operation named: addUsingPOST_2
2020-12-07 16:32:50.903 [restartedMain] INFO  s.d.s.w.r.operation.CachingOperationNameGenerator - Generating unique operation named: deleteUsingDELETE_3
2020-12-07 16:32:50.907 [restartedMain] INFO  s.d.s.w.r.operation.CachingOperationNameGenerator - Generating unique operation named: getUsingGET_3
2020-12-07 16:32:50.912 [restartedMain] INFO  s.d.s.w.r.operation.CachingOperationNameGenerator - Generating unique operation named: pageByQueryUsingGET_3
2020-12-07 16:32:50.914 [restartedMain] INFO  s.d.s.w.r.operation.CachingOperationNameGenerator - Generating unique operation named: updateUsingPUT_2
2020-12-07 16:32:50.935 [restartedMain] INFO  org.apache.coyote.http11.Http11NioProtocol - Starting ProtocolHandler ["http-nio-4188"]
2020-12-07 16:32:50.960 [restartedMain] INFO  o.s.boot.web.embedded.tomcat.TomcatWebServer - Tomcat started on port(s): 4188 (http) with context path '/zzj'
2020-12-07 16:32:50.963 [restartedMain] INFO  com.medcine.MedcineManageApplication - Started MedcineManageApplication in 6.333 seconds (JVM running for 8.444)
2020-12-07 16:41:23.796 [Thread-23] INFO  o.s.scheduling.concurrent.ThreadPoolTaskExecutor - Shutting down ExecutorService 'asyncServiceExecutor'
2020-12-07 16:41:23.801 [Thread-23] INFO  c.b.dynamic.datasource.DynamicRoutingDataSource - dynamic-datasource start closing ....
2020-12-07 16:41:23.803 [Thread-23] INFO  com.zaxxer.hikari.HikariDataSource - master - Shutdown initiated...
2020-12-07 16:41:23.806 [Thread-23] INFO  com.zaxxer.hikari.HikariDataSource - master - Shutdown completed.
2020-12-07 16:41:23.807 [Thread-23] INFO  com.zaxxer.hikari.HikariDataSource - slave_1 - Shutdown initiated...
2020-12-07 16:41:23.808 [Thread-23] INFO  com.zaxxer.hikari.HikariDataSource - slave_1 - Shutdown completed.
2020-12-07 16:41:23.808 [Thread-23] INFO  c.b.dynamic.datasource.DynamicRoutingDataSource - dynamic-datasource all closed success,bye
